Checking AddError
    FAILED (1 / 16)
Checking Basic
    FAILED (2 / 16)
Checking Bitshift
    FAILED (3 / 16)
Checking BitwiseAndLogical
    FAILED (4 / 16)
Checking Cast
    FAILED (5 / 16)
Checking Character
    FAILED (6 / 16)
Checking Conditionals
    FAILED (7 / 16)
Checking IntError
    FAILED (8 / 16)
Checking IntTest
    FAILED (9 / 16)
Checking Macros
    FAILED (10 / 16)
Checking MemInplaceOperation
    FAILED (11 / 16)
Checking MemLoadingAndOffsets
    FAILED (12 / 16)
Checking PrintError
    FAILED (13 / 16)
Checking Strings
    FAILED (14 / 16)
Checking SwapOverRot
    FAILED (15 / 16)
Checking WhileLoops
    FAILED (16 / 16)
0 out of 16 succeeded
Failed tests:
**************************************************
tests/AddError.concat
Output
--------------------------------------------------
AddError.concat
--stdout--
0
1

--stderr--
[RUNTIME ERROR] 'N/A':7:12 Operation Add does not support MEM_PTR and MEM_PTR

--build run stdout--
Created tests/AddError.concat_bin

Running tests/AddError.concat_bin: 
0
1

--build run stderr--
[RUNTIME ERROR] 'N/A':7:12 Operation Add does not support MEM_PTR and MEM_PTR

--build stdout--
0
1

--build stderr--
[RUNTIME ERROR] 'N/A':7:12 Operation Add does not support MEM_PTR and MEM_PTR

--------------------------------------------------


Expected
--------------------------------------------------
AddError.concat
--stdout--
0
1

--stderr--
[RUNTIME ERROR] 'N/A':7:12 Operation Add does not support MEM_PTR and MEM_PTR

--build stdout--
0
1

--build stderr--
[RUNTIME ERROR] 'N/A':7:12 Operation Add does not support MEM_PTR and MEM_PTR

--------------------------------------------------


**************************************************

**************************************************
tests/Basic.concat
Output
--------------------------------------------------
Basic.concat
--stdout--
2 20
40

--stderr--

--build run stdout--
Created tests/Basic.concat_bin

Running tests/Basic.concat_bin: 
2 20
40

--build run stderr--

--build stdout--
2 20
40

--build stderr--

--------------------------------------------------


Expected
--------------------------------------------------
Basic.concat
--stdout--
2 20
40

--stderr--

--build stdout--
2 20
40

--build stderr--

--------------------------------------------------


**************************************************

**************************************************
tests/Bitshift.concat
Output
--------------------------------------------------
Bitshift.concat
--stdout--
2
4
8
16
32

16
8
4
2
1

--stderr--

--build run stdout--
Created tests/Bitshift.concat_bin

Running tests/Bitshift.concat_bin: 
2
4
8
16
32

16
8
4
2
1

--build run stderr--

--build stdout--
2
4
8
16
32

16
8
4
2
1

--build stderr--

--------------------------------------------------


Expected
--------------------------------------------------
Bitshift.concat
--stdout--
2
4
8
16
32

16
8
4
2
1

--stderr--

--build stdout--
2
4
8
16
32

16
8
4
2
1

--build stderr--

--------------------------------------------------


**************************************************

**************************************************
tests/BitwiseAndLogical.concat
Output
--------------------------------------------------
BitwiseAndLogical.concat
--stdout--
420
69
1

--stderr--

--build run stdout--
Created tests/BitwiseAndLogical.concat_bin

Running tests/BitwiseAndLogical.concat_bin: 
420
69
1

--build run stderr--

--build stdout--
420
69
1

--build stderr--

--------------------------------------------------


Expected
--------------------------------------------------
BitwiseAndLogical.concat
--stdout--
420
69
1

--stderr--

--build stdout--
420
69
1

--build stderr--

--------------------------------------------------


**************************************************

**************************************************
tests/Cast.concat
Output
--------------------------------------------------
Cast.concat
--stdout--
97 97
{ {
1 is True
10 is True
0 is False

--stderr--

--build run stdout--
Created tests/Cast.concat_bin

Running tests/Cast.concat_bin: 
97 97
{ {
1 is True
10 is True
0 is False

--build run stderr--

--build stdout--
97 97
{ {
1 is True
10 is True
0 is False

--build stderr--

--------------------------------------------------


Expected
--------------------------------------------------
Cast.concat
--stdout--
97 97
{ {
1 is True
10 is True
0 is False

--stderr--

--build stdout--
97 97
{ {
1 is True
10 is True
0 is False

--build stderr--

--------------------------------------------------


**************************************************

**************************************************
tests/Character.concat
Output
--------------------------------------------------
Character.concat
--stdout--
HELLO WORLD

--stderr--

--build run stdout--
Created tests/Character.concat_bin

Running tests/Character.concat_bin: 
HELLO WORLD

--build run stderr--

--build stdout--
HELLO WORLD

--build stderr--

--------------------------------------------------


Expected
--------------------------------------------------
Character.concat
--stdout--
HELLO WORLD

--stderr--

--build stdout--
HELLO WORLD

--build stderr--

--------------------------------------------------


**************************************************

**************************************************
tests/Conditionals.concat
Output
--------------------------------------------------
Conditionals.concat
--stdout--
0 1 1 0 1 0 
A
B
C
23
24

--stderr--

--build run stdout--
Created tests/Conditionals.concat_bin

Running tests/Conditionals.concat_bin: 
0 1 1 0 1 0 
A
B
C
23
24

--build run stderr--

--build stdout--
0 1 1 0 1 0 
A
B
C
23
24

--build stderr--

--------------------------------------------------


Expected
--------------------------------------------------
Conditionals.concat
--stdout--
0 1 1 0 1 0 
A
B
C
23
24

--stderr--

--build stdout--
0 1 1 0 1 0 
A
B
C
23
24

--build stderr--

--------------------------------------------------


**************************************************

**************************************************
tests/IntError.concat
Output
--------------------------------------------------
IntError.concat
--stdout--

--stderr--
[COMPILER ERROR] 'N/A':2:1 Failed to pass integer constant 1a
[COMPILER ERROR] 'N/A':3:1 Failed to pass integer constant 1b

--build run stdout--

--build run stderr--
[COMPILER ERROR] 'N/A':2:1 Failed to pass integer constant 1a
[COMPILER ERROR] 'N/A':3:1 Failed to pass integer constant 1b

--build stdout--
File not recognised
--build stderr--

--------------------------------------------------


Expected
--------------------------------------------------
IntError.concat
--stdout--

--stderr--
[COMPILER ERROR] 'N/A':2:1 Failed to pass integer constant 1a
[COMPILER ERROR] 'N/A':3:1 Failed to pass integer constant 1b

--build stdout--
File is a required option
--build stderr--

--------------------------------------------------


**************************************************

**************************************************
tests/IntTest.concat
Output
--------------------------------------------------
IntTest.concat
--stdout--
30

--stderr--

--build run stdout--
Created tests/IntTest.concat_bin

Running tests/IntTest.concat_bin: 
30

--build run stderr--

--build stdout--
30

--build stderr--

--------------------------------------------------


Expected
--------------------------------------------------
IntTest.concat
--stdout--
30

--stderr--

--build stdout--
30

--build stderr--

--------------------------------------------------


**************************************************

**************************************************
tests/Macros.concat
Output
--------------------------------------------------
Macros.concat
--stdout--
10 10

--stderr--

--build run stdout--
Created tests/Macros.concat_bin

Running tests/Macros.concat_bin: 
10 10

--build run stderr--

--build stdout--
10 10

--build stderr--

--------------------------------------------------


Expected
--------------------------------------------------
Macros.concat
--stdout--
10 10

--stderr--

--build stdout--
10 10

--build stderr--

--------------------------------------------------


**************************************************

**************************************************
tests/MemInplaceOperation.concat
Output
--------------------------------------------------
MemInplaceOperation.concat
--stdout--
15
5
50
5

40
30
44
4

--stderr--

--build run stdout--
Created tests/MemInplaceOperation.concat_bin

Running tests/MemInplaceOperation.concat_bin: 
15
5
50
5

40
30
44
4

--build run stderr--

--build stdout--
15
5
50
5

40
30
44
4

--build stderr--

--------------------------------------------------


Expected
--------------------------------------------------
MemInplaceOperation.concat
--stdout--
15
5
50
5

40
30
44
4

--stderr--

--build stdout--
15
5
50
5

40
30
44
4

--build stderr--

--------------------------------------------------


**************************************************

**************************************************
tests/MemLoadingAndOffsets.concat
Output
--------------------------------------------------
MemLoadingAndOffsets.concat
--stdout--
10
20
255
104

5
85

1 4 9 16 25 36 49 64 81 100 121 144 169 196 225 256 289 324 361 400 
400 361 324 289 256 225 196 169 144 121 100 81 64 49 36 25 16 9 4 1 

0
1

--stderr--

--build run stdout--
Created tests/MemLoadingAndOffsets.concat_bin

Running tests/MemLoadingAndOffsets.concat_bin: 
10
20
255
104

5
85

1 4 9 16 25 36 49 64 81 100 121 144 169 196 225 256 289 324 361 400 
400 361 324 289 256 225 196 169 144 121 100 81 64 49 36 25 16 9 4 1 

0
1

--build run stderr--

--build stdout--
10
20
255
104

5
85

1 4 9 16 25 36 49 64 81 100 121 144 169 196 225 256 289 324 361 400 
400 361 324 289 256 225 196 169 144 121 100 81 64 49 36 25 16 9 4 1 

0
1

--build stderr--

--------------------------------------------------


Expected
--------------------------------------------------
MemLoadingAndOffsets.concat
--stdout--
10
20
255
104

5
85

1 4 9 16 25 36 49 64 81 100 121 144 169 196 225 256 289 324 361 400 
400 361 324 289 256 225 196 169 144 121 100 81 64 49 36 25 16 9 4 1 

0
1

--stderr--

--build stdout--
10
20
255
104

5
85

1 4 9 16 25 36 49 64 81 100 121 144 169 196 225 256 289 324 361 400 
400 361 324 289 256 225 196 169 144 121 100 81 64 49 36 25 16 9 4 1 

0
1

--build stderr--

--------------------------------------------------


**************************************************

**************************************************
tests/PrintError.concat
Output
--------------------------------------------------
PrintError.concat
--stdout--
1010
--stderr--
[RUNTIME ERROR] 'N/A':1:19 Not enough items on the stack. Atleast 1 item/s expected

--build run stdout--
Created tests/PrintError.concat_bin

Running tests/PrintError.concat_bin: 
1010
--build run stderr--
[RUNTIME ERROR] 'N/A':1:19 Not enough items on the stack. Atleast 1 item/s expected

--build stdout--
1010
--build stderr--
[RUNTIME ERROR] 'N/A':1:19 Not enough items on the stack. Atleast 1 item/s expected

--------------------------------------------------


Expected
--------------------------------------------------
PrintError.concat
--stdout--
1010
--stderr--
[RUNTIME ERROR] 'N/A':1:19 Not enough items on the stack. Atleast 1 item/s expected

--build stdout--
1010
--build stderr--
[RUNTIME ERROR] 'N/A':1:19 Not enough items on the stack. Atleast 1 item/s expected

--------------------------------------------------


**************************************************

**************************************************
tests/Strings.concat
Output
--------------------------------------------------
Strings.concat
--stdout--
String Test
S

g Test
g
Escape code test


3 New
Lines
Tab	Tab
Hello World

--stderr--

--build run stdout--
Created tests/Strings.concat_bin

Running tests/Strings.concat_bin: 
String Test
S

g Test
g
Escape code test


3 New
Lines
Tab	Tab
Hello World

--build run stderr--

--build stdout--
String Test
S

g Test
g
Escape code test


3 New
Lines
Tab	Tab
Hello World

--build stderr--

--------------------------------------------------


Expected
--------------------------------------------------
Strings.concat
--stdout--
String Test
S

g Test
g
Escape code test


3 New
Lines
Tab	Tab
Hello World

--stderr--

--build stdout--
String Test
S

g Test
g
Escape code test


3 New
Lines
Tab	Tab
Hello World

--build stderr--

--------------------------------------------------


**************************************************

**************************************************
tests/SwapOverRot.concat
Output
--------------------------------------------------
SwapOverRot.concat
--stdout--
10 20
10 20 10 20 10

--stderr--

--build run stdout--
Created tests/SwapOverRot.concat_bin

Running tests/SwapOverRot.concat_bin: 
10 20
10 20 10 20 10

--build run stderr--

--build stdout--
10 20
10 20 10 20 10

--build stderr--

--------------------------------------------------


Expected
--------------------------------------------------
SwapOverRot.concat
--stdout--
10 20
10 20 10 20 10

--stderr--

--build stdout--
10 20
10 20 10 20 10

--build stderr--

--------------------------------------------------


**************************************************

**************************************************
tests/WhileLoops.concat
Output
--------------------------------------------------
WhileLoops.concat
--stdout--
420 69 420 69 420 69 420 69 420 69 420 
--stderr--

--build run stdout--
Created tests/WhileLoops.concat_bin

Running tests/WhileLoops.concat_bin: 
420 69 420 69 420 69 420 69 420 69 420 
--build run stderr--

--build stdout--
420 69 420 69 420 69 420 69 420 69 420 
--build stderr--

--------------------------------------------------


Expected
--------------------------------------------------
WhileLoops.concat
--stdout--
420 69 420 69 420 69 420 69 420 69 420 
--stderr--

--build stdout--
420 69 420 69 420 69 420 69 420 69 420 
--build stderr--

--------------------------------------------------


**************************************************

